# JRE version: OpenJDK Runtime Environment (8.0_152-b04) (build 1.8.0_152-release-1136-b04)
# Java VM: OpenJDK 64-Bit Server VM (25.152-b04 mixed mode windows-amd64 compressed oops)
Heap:
 PSYoungGen      total 194048K, used 2806K [0x00000000d5580000, 0x00000000e9580000, 0x0000000100000000)
  eden space 165888K, 1% used [0x00000000d5580000,0x00000000d583da50,0x00000000df780000)
  from space 28160K, 0% used [0x00000000df780000,0x00000000df780000,0x00000000e1300000)
  to   space 34304K, 0% used [0x00000000e7400000,0x00000000e7400000,0x00000000e9580000)
 ParOldGen       total 201728K, used 46893K [0x0000000080000000, 0x000000008c500000, 0x00000000d5580000)
  object space 201728K, 23% used [0x0000000080000000,0x0000000082dcb6a8,0x000000008c500000)
 Metaspace       used 58231K, capacity 59466K, committed 59736K, reserved 1101824K
  class space    used 7172K, capacity 7476K, committed 7552K, reserved 1048576K
GC Heap History (10 events):
Event: 5.912 GC heap before
{Heap before GC invocations=7 (full 2):
 PSYoungGen      total 122368K, used 48766K [0x00000000d5580000, 0x00000000dea80000, 0x0000000100000000)
  eden space 111616K, 34% used [0x00000000d5580000,0x00000000d7aa1910,0x00000000dc280000)
  from space 10752K, 99% used [0x00000000de000000,0x00000000dea7e198,0x00000000dea80000)
  to   space 10752K, 0% used [0x00000000dd580000,0x00000000dd580000,0x00000000de000000)
 ParOldGen       total 92672K, used 9738K [0x0000000080000000, 0x0000000085a80000, 0x00000000d5580000)
  object space 92672K, 10% used [0x0000000080000000,0x0000000080982b00,0x0000000085a80000)
 Metaspace       used 34680K, capacity 35362K, committed 35456K, reserved 1079296K
  class space    used 4526K, capacity 4724K, committed 4736K, reserved 1048576K
Event: 5.924 GC heap after
Heap after GC invocations=7 (full 2):
 PSYoungGen      total 141824K, used 10740K [0x00000000d5580000, 0x00000000e1d80000, 0x0000000100000000)
  eden space 131072K, 0% used [0x00000000d5580000,0x00000000d5580000,0x00000000dd580000)
  from space 10752K, 99% used [0x00000000dd580000,0x00000000ddffd1a0,0x00000000de000000)
  to   space 10752K, 0% used [0x00000000e1300000,0x00000000e1300000,0x00000000e1d80000)
 ParOldGen       total 92672K, used 13440K [0x0000000080000000, 0x0000000085a80000, 0x00000000d5580000)
  object space 92672K, 14% used [0x0000000080000000,0x0000000080d20370,0x0000000085a80000)
 Metaspace       used 34680K, capacity 35362K, committed 35456K, reserved 1079296K
  class space    used 4526K, capacity 4724K, committed 4736K, reserved 1048576K
}
Event: 5.924 GC heap before
{Heap before GC invocations=8 (full 3):
 PSYoungGen      total 141824K, used 10740K [0x00000000d5580000, 0x00000000e1d80000, 0x0000000100000000)
  eden space 131072K, 0% used [0x00000000d5580000,0x00000000d5580000,0x00000000dd580000)
  from space 10752K, 99% used [0x00000000dd580000,0x00000000ddffd1a0,0x00000000de000000)
  to   space 10752K, 0% used [0x00000000e1300000,0x00000000e1300000,0x00000000e1d80000)
 ParOldGen       total 92672K, used 13440K [0x0000000080000000, 0x0000000085a80000, 0x00000000d5580000)
  object space 92672K, 14% used [0x0000000080000000,0x0000000080d20370,0x0000000085a80000)
 Metaspace       used 34680K, capacity 35362K, committed 35456K, reserved 1079296K
  class space    used 4526K, capacity 4724K, committed 4736K, reserved 1048576K
Event: 6.014 GC heap after
Heap after GC invocations=8 (full 3):
 PSYoungGen      total 141824K, used 0K [0x00000000d5580000, 0x00000000e1d80000, 0x0000000100000000)
  eden space 131072K, 0% used [0x00000000d5580000,0x00000000d5580000,0x00000000dd580000)
  from space 10752K, 0% used [0x00000000dd580000,0x00000000dd580000,0x00000000de000000)
  to   space 10752K, 0% used [0x00000000e1300000,0x00000000e1300000,0x00000000e1d80000)
 ParOldGen       total 136704K, used 20591K [0x0000000080000000, 0x0000000088580000, 0x00000000d5580000)
  object space 136704K, 15% used [0x0000000080000000,0x000000008141bef0,0x0000000088580000)
 Metaspace       used 34680K, capacity 35362K, committed 35456K, reserved 1079296K
  class space    used 4526K, capacity 4724K, committed 4736K, reserved 1048576K
}
Event: 7.965 GC heap before
{Heap before GC invocations=9 (full 3):
 PSYoungGen      total 141824K, used 131072K [0x00000000d5580000, 0x00000000e1d80000, 0x0000000100000000)
  eden space 131072K, 100% used [0x00000000d5580000,0x00000000dd580000,0x00000000dd580000)
  from space 10752K, 0% used [0x00000000dd580000,0x00000000dd580000,0x00000000de000000)
  to   space 10752K, 0% used [0x00000000e1300000,0x00000000e1300000,0x00000000e1d80000)
 ParOldGen       total 136704K, used 20591K [0x0000000080000000, 0x0000000088580000, 0x00000000d5580000)
  object space 136704K, 15% used [0x0000000080000000,0x000000008141bef0,0x0000000088580000)
 Metaspace       used 45765K, capacity 46616K, committed 46976K, reserved 1089536K
  class space    used 5686K, capacity 5907K, committed 6016K, reserved 1048576K
Event: 7.990 GC heap after
Heap after GC invocations=9 (full 3):
 PSYoungGen      total 176640K, used 10738K [0x00000000d5580000, 0x00000000e5a00000, 0x0000000100000000)
  eden space 165888K, 0% used [0x00000000d5580000,0x00000000d5580000,0x00000000df780000)
  from space 10752K, 99% used [0x00000000e1300000,0x00000000e1d7ca40,0x00000000e1d80000)
  to   space 28160K, 0% used [0x00000000df780000,0x00000000df780000,0x00000000e1300000)
 ParOldGen       total 136704K, used 36315K [0x0000000080000000, 0x0000000088580000, 0x00000000d5580000)
  object space 136704K, 26% used [0x0000000080000000,0x0000000082376dc0,0x0000000088580000)
 Metaspace       used 45765K, capacity 46616K, committed 46976K, reserved 1089536K
  class space    used 5686K, capacity 5907K, committed 6016K, reserved 1048576K
}
Event: 10.179 GC heap before
{Heap before GC invocations=10 (full 3):
 PSYoungGen      total 176640K, used 111862K [0x00000000d5580000, 0x00000000e5a00000, 0x0000000100000000)
  eden space 165888K, 60% used [0x00000000d5580000,0x00000000db840fd8,0x00000000df780000)
  from space 10752K, 99% used [0x00000000e1300000,0x00000000e1d7ca40,0x00000000e1d80000)
  to   space 28160K, 0% used [0x00000000df780000,0x00000000df780000,0x00000000e1300000)
 ParOldGen       total 136704K, used 36315K [0x0000000080000000, 0x0000000088580000, 0x00000000d5580000)
  object space 136704K, 26% used [0x0000000080000000,0x0000000082376dc0,0x0000000088580000)
 Metaspace       used 57911K, capacity 59076K, committed 59096K, reserved 1101824K
  class space    used 7138K, capacity 7411K, committed 7424K, reserved 1048576K
Event: 10.206 GC heap after
Heap after GC invocations=10 (full 3):
 PSYoungGen      total 194048K, used 28155K [0x00000000d5580000, 0x00000000e9580000, 0x0000000100000000)
  eden space 165888K, 0% used [0x00000000d5580000,0x00000000d5580000,0x00000000df780000)
  from space 28160K, 99% used [0x00000000df780000,0x00000000e12fee48,0x00000000e1300000)
  to   space 34304K, 0% used [0x00000000e7400000,0x00000000e7400000,0x00000000e9580000)
 ParOldGen       total 136704K, used 37183K [0x0000000080000000, 0x0000000088580000, 0x00000000d5580000)
  object space 136704K, 27% used [0x0000000080000000,0x000000008244fc70,0x0000000088580000)
 Metaspace       used 57911K, capacity 59076K, committed 59096K, reserved 1101824K
  class space    used 7138K, capacity 7411K, committed 7424K, reserved 1048576K
}
Event: 10.206 GC heap before
{Heap before GC invocations=11 (full 4):
 PSYoungGen      total 194048K, used 28155K [0x00000000d5580000, 0x00000000e9580000, 0x0000000100000000)
  eden space 165888K, 0% used [0x00000000d5580000,0x00000000d5580000,0x00000000df780000)
  from space 28160K, 99% used [0x00000000df780000,0x00000000e12fee48,0x00000000e1300000)
  to   space 34304K, 0% used [0x00000000e7400000,0x00000000e7400000,0x00000000e9580000)
 ParOldGen       total 136704K, used 37183K [0x0000000080000000, 0x0000000088580000, 0x00000000d5580000)
  object space 136704K, 27% used [0x0000000080000000,0x000000008244fc70,0x0000000088580000)
 Metaspace       used 57911K, capacity 59076K, committed 59096K, reserved 1101824K
  class space    used 7138K, capacity 7411K, committed 7424K, reserved 1048576K
Event: 10.370 GC heap after
Heap after GC invocations=11 (full 4):
 PSYoungGen      total 194048K, used 0K [0x00000000d5580000, 0x00000000e9580000, 0x0000000100000000)
  eden space 165888K, 0% used [0x00000000d5580000,0x00000000d5580000,0x00000000df780000)
  from space 28160K, 0% used [0x00000000df780000,0x00000000df780000,0x00000000e1300000)
  to   space 34304K, 0% used [0x00000000e7400000,0x00000000e7400000,0x00000000e9580000)
 ParOldGen       total 201728K, used 46893K [0x0000000080000000, 0x000000008c500000, 0x00000000d5580000)
  object space 201728K, 23% used [0x0000000080000000,0x0000000082dcb6a8,0x000000008c500000)
 Metaspace       used 57911K, capacity 59076K, committed 59096K, reserved 1101824K
  class space    used 7138K, capacity 7411K, committed 7424K, reserved 1048576K
}

