# JRE version: OpenJDK Runtime Environment (8.0_152-b04) (build 1.8.0_152-release-1136-b04)
# Java VM: OpenJDK 64-Bit Server VM (25.152-b04 mixed mode windows-amd64 compressed oops)
Heap:
 PSYoungGen      total 668160K, used 80518K [0x00000000d5580000, 0x0000000100000000, 0x0000000100000000)
  eden space 637440K, 12% used [0x00000000d5580000,0x00000000da4219b0,0x00000000fc400000)
  from space 30720K, 0% used [0x00000000fc400000,0x00000000fc400000,0x00000000fe200000)
  to   space 30720K, 0% used [0x00000000fe200000,0x00000000fe200000,0x0000000100000000)
 ParOldGen       total 163328K, used 82938K [0x0000000080000000, 0x0000000089f80000, 0x00000000d5580000)
  object space 163328K, 50% used [0x0000000080000000,0x00000000850fe9f8,0x0000000089f80000)
 Metaspace       used 98991K, capacity 105040K, committed 105260K, reserved 1140736K
  class space    used 12537K, capacity 13747K, committed 13868K, reserved 1048576K
GC Heap History (10 events):
Event: 2757.253 GC heap before
{Heap before GC invocations=15 (full 3):
 PSYoungGen      total 444416K, used 433052K [0x00000000d5580000, 0x00000000f9b80000, 0x0000000100000000)
  eden space 414720K, 100% used [0x00000000d5580000,0x00000000eea80000,0x00000000eea80000)
  from space 29696K, 61% used [0x00000000eea80000,0x00000000efc67078,0x00000000f0780000)
  to   space 29696K, 0% used [0x00000000f7e80000,0x00000000f7e80000,0x00000000f9b80000)
 ParOldGen       total 163328K, used 64715K [0x0000000080000000, 0x0000000089f80000, 0x00000000d5580000)
  object space 163328K, 39% used [0x0000000080000000,0x0000000083f32d70,0x0000000089f80000)
 Metaspace       used 80351K, capacity 84687K, committed 84864K, reserved 1122304K
  class space    used 10413K, capacity 11380K, committed 11392K, reserved 1048576K
Event: 2757.294 GC heap after
Heap after GC invocations=15 (full 3):
 PSYoungGen      total 566784K, used 17627K [0x00000000d5580000, 0x00000000f9b80000, 0x0000000100000000)
  eden space 537088K, 0% used [0x00000000d5580000,0x00000000d5580000,0x00000000f6200000)
  from space 29696K, 59% used [0x00000000f7e80000,0x00000000f8fb6ef8,0x00000000f9b80000)
  to   space 29184K, 0% used [0x00000000f6200000,0x00000000f6200000,0x00000000f7e80000)
 ParOldGen       total 163328K, used 70821K [0x0000000080000000, 0x0000000089f80000, 0x00000000d5580000)
  object space 163328K, 43% used [0x0000000080000000,0x0000000084529688,0x0000000089f80000)
 Metaspace       used 80351K, capacity 84687K, committed 84864K, reserved 1122304K
  class space    used 10413K, capacity 11380K, committed 11392K, reserved 1048576K
}
Event: 3041.556 GC heap before
{Heap before GC invocations=16 (full 3):
 PSYoungGen      total 566784K, used 554715K [0x00000000d5580000, 0x00000000f9b80000, 0x0000000100000000)
  eden space 537088K, 100% used [0x00000000d5580000,0x00000000f6200000,0x00000000f6200000)
  from space 29696K, 59% used [0x00000000f7e80000,0x00000000f8fb6ef8,0x00000000f9b80000)
  to   space 29184K, 0% used [0x00000000f6200000,0x00000000f6200000,0x00000000f7e80000)
 ParOldGen       total 163328K, used 70821K [0x0000000080000000, 0x0000000089f80000, 0x00000000d5580000)
  object space 163328K, 43% used [0x0000000080000000,0x0000000084529688,0x0000000089f80000)
 Metaspace       used 87871K, capacity 93288K, committed 93568K, reserved 1130496K
  class space    used 11311K, capacity 12555K, committed 12672K, reserved 1048576K
Event: 3041.587 GC heap after
Heap after GC invocations=16 (full 3):
 PSYoungGen      total 566272K, used 21296K [0x00000000d5580000, 0x0000000100000000, 0x0000000100000000)
  eden space 537088K, 0% used [0x00000000d5580000,0x00000000d5580000,0x00000000f6200000)
  from space 29184K, 72% used [0x00000000f6200000,0x00000000f76cc0f8,0x00000000f7e80000)
  to   space 30208K, 0% used [0x00000000fe280000,0x00000000fe280000,0x0000000100000000)
 ParOldGen       total 163328K, used 72661K [0x0000000080000000, 0x0000000089f80000, 0x00000000d5580000)
  object space 163328K, 44% used [0x0000000080000000,0x00000000846f5718,0x0000000089f80000)
 Metaspace       used 87871K, capacity 93288K, committed 93568K, reserved 1130496K
  class space    used 11311K, capacity 12555K, committed 12672K, reserved 1048576K
}
Event: 3096.570 GC heap before
{Heap before GC invocations=17 (full 3):
 PSYoungGen      total 566272K, used 558384K [0x00000000d5580000, 0x0000000100000000, 0x0000000100000000)
  eden space 537088K, 100% used [0x00000000d5580000,0x00000000f6200000,0x00000000f6200000)
  from space 29184K, 72% used [0x00000000f6200000,0x00000000f76cc0f8,0x00000000f7e80000)
  to   space 30208K, 0% used [0x00000000fe280000,0x00000000fe280000,0x0000000100000000)
 ParOldGen       total 163328K, used 72661K [0x0000000080000000, 0x0000000089f80000, 0x00000000d5580000)
  object space 163328K, 44% used [0x0000000080000000,0x00000000846f5718,0x0000000089f80000)
 Metaspace       used 90452K, capacity 96254K, committed 96384K, reserved 1132544K
  class space    used 11517K, capacity 12802K, committed 12928K, reserved 1048576K
Event: 3096.593 GC heap after
Heap after GC invocations=17 (full 3):
 PSYoungGen      total 667648K, used 22163K [0x00000000d5580000, 0x0000000100000000, 0x0000000100000000)
  eden space 637440K, 0% used [0x00000000d5580000,0x00000000d5580000,0x00000000fc400000)
  from space 30208K, 73% used [0x00000000fe280000,0x00000000ff824d38,0x0000000100000000)
  to   space 30720K, 0% used [0x00000000fc400000,0x00000000fc400000,0x00000000fe200000)
 ParOldGen       total 163328K, used 72677K [0x0000000080000000, 0x0000000089f80000, 0x00000000d5580000)
  object space 163328K, 44% used [0x0000000080000000,0x00000000846f9718,0x0000000089f80000)
 Metaspace       used 90452K, capacity 96254K, committed 96384K, reserved 1132544K
  class space    used 11517K, capacity 12802K, committed 12928K, reserved 1048576K
}
Event: 3099.093 GC heap before
{Heap before GC invocations=18 (full 3):
 PSYoungGen      total 667648K, used 198979K [0x00000000d5580000, 0x0000000100000000, 0x0000000100000000)
  eden space 637440K, 27% used [0x00000000d5580000,0x00000000e022c010,0x00000000fc400000)
  from space 30208K, 73% used [0x00000000fe280000,0x00000000ff824d38,0x0000000100000000)
  to   space 30720K, 0% used [0x00000000fc400000,0x00000000fc400000,0x00000000fe200000)
 ParOldGen       total 163328K, used 72677K [0x0000000080000000, 0x0000000089f80000, 0x00000000d5580000)
  object space 163328K, 44% used [0x0000000080000000,0x00000000846f9718,0x0000000089f80000)
 Metaspace       used 92268K, capacity 98306K, committed 98348K, reserved 1134592K
  class space    used 11745K, capacity 13076K, committed 13100K, reserved 1048576K
Event: 3099.125 GC heap after
Heap after GC invocations=18 (full 3):
 PSYoungGen      total 668160K, used 30694K [0x00000000d5580000, 0x0000000100000000, 0x0000000100000000)
  eden space 637440K, 0% used [0x00000000d5580000,0x00000000d5580000,0x00000000fc400000)
  from space 30720K, 99% used [0x00000000fc400000,0x00000000fe1f9830,0x00000000fe200000)
  to   space 30720K, 0% used [0x00000000fe200000,0x00000000fe200000,0x0000000100000000)
 ParOldGen       total 163328K, used 79049K [0x0000000080000000, 0x0000000089f80000, 0x00000000d5580000)
  object space 163328K, 48% used [0x0000000080000000,0x0000000084d32638,0x0000000089f80000)
 Metaspace       used 92268K, capacity 98306K, committed 98348K, reserved 1134592K
  class space    used 11745K, capacity 13076K, committed 13100K, reserved 1048576K
}
Event: 3099.125 GC heap before
{Heap before GC invocations=19 (full 4):
 PSYoungGen      total 668160K, used 30694K [0x00000000d5580000, 0x0000000100000000, 0x0000000100000000)
  eden space 637440K, 0% used [0x00000000d5580000,0x00000000d5580000,0x00000000fc400000)
  from space 30720K, 99% used [0x00000000fc400000,0x00000000fe1f9830,0x00000000fe200000)
  to   space 30720K, 0% used [0x00000000fe200000,0x00000000fe200000,0x0000000100000000)
 ParOldGen       total 163328K, used 79049K [0x0000000080000000, 0x0000000089f80000, 0x00000000d5580000)
  object space 163328K, 48% used [0x0000000080000000,0x0000000084d32638,0x0000000089f80000)
 Metaspace       used 92268K, capacity 98306K, committed 98348K, reserved 1134592K
  class space    used 11745K, capacity 13076K, committed 13100K, reserved 1048576K
Event: 3099.586 GC heap after
Heap after GC invocations=19 (full 4):
 PSYoungGen      total 668160K, used 0K [0x00000000d5580000, 0x0000000100000000, 0x0000000100000000)
  eden space 637440K, 0% used [0x00000000d5580000,0x00000000d5580000,0x00000000fc400000)
  from space 30720K, 0% used [0x00000000fc400000,0x00000000fc400000,0x00000000fe200000)
  to   space 30720K, 0% used [0x00000000fe200000,0x00000000fe200000,0x0000000100000000)
 ParOldGen       total 163328K, used 82938K [0x0000000080000000, 0x0000000089f80000, 0x00000000d5580000)
  object space 163328K, 50% used [0x0000000080000000,0x00000000850fe9f8,0x0000000089f80000)
 Metaspace       used 91760K, capacity 97110K, committed 98348K, reserved 1134592K
  class space    used 11637K, capacity 12764K, committed 13100K, reserved 1048576K
}

